<?xml version="1.0" encoding="UTF-8"?>
<!-- Generated by org.testng.reporters.JUnitXMLReporter -->
<testsuite hostname="shd-leowu" name="Default test" tests="3" failures="0" timestamp="2 Jul 2019 07:13:19 GMT" time="77.483" errors="0">
  <testcase name="loginSilk" time="1.33" classname="com.silk.leo.Product.playResources"/>
  <testcase name="searchPlayResources" time="8.595" classname="com.silk.leo.Product.playResources"/>
  <testcase name="addPlayResources" time="62.352" classname="com.silk.leo.Product.playResources"/>
</testsuite> <!-- Default test -->
