<?xml version="1.0" encoding="UTF-8"?>
<!-- Generated by org.testng.reporters.JUnitXMLReporter -->
<testsuite hostname="shd-leowu" name="Default test" tests="3" failures="0" timestamp="31 Mar 2020 06:00:57 GMT" time="526.373" errors="0">
  <testcase name="loginSilk" time="3.531" classname="com.silk.leo.Product.productList"/>
  <testcase name="searchProduct" time="5.157" classname="com.silk.leo.Product.productList"/>
  <testcase name="addProduct_freewalker" time="196.167" classname="com.silk.leo.Product.productList"/>
</testsuite> <!-- Default test -->
