<?xml version="1.0" encoding="UTF-8"?>
<testng-results skipped="0" failed="0" total="3" passed="3">
  <reporter-output>
  </reporter-output>
  <suite name="Default suite" duration-ms="109282" started-at="2019-08-07T09:47:01Z" finished-at="2019-08-07T09:48:50Z">
    <groups>
    </groups>
    <test name="Default test" duration-ms="109282" started-at="2019-08-07T09:47:01Z" finished-at="2019-08-07T09:48:50Z">
      <class name="com.silk.leo.Product.playResources">
        <test-method status="PASS" signature="conect()[pri:0, instance:com.silk.leo.Product.playResources@5ce81285]" name="conect" is-config="true" duration-ms="273" started-at="2019-08-07T17:47:01Z" finished-at="2019-08-07T17:47:01Z">
          <reporter-output>
          </reporter-output>
        </test-method> <!-- conect -->
        <test-method status="PASS" signature="loadDriver()[pri:0, instance:com.silk.leo.Product.playResources@5ce81285]" name="loadDriver" is-config="true" duration-ms="3581" started-at="2019-08-07T17:47:01Z" finished-at="2019-08-07T17:47:05Z">
          <reporter-output>
          </reporter-output>
        </test-method> <!-- loadDriver -->
        <test-method status="PASS" signature="loginSilk()[pri:0, instance:com.silk.leo.Product.playResources@5ce81285]" name="loginSilk" duration-ms="1323" started-at="2019-08-07T17:47:05Z" finished-at="2019-08-07T17:47:06Z">
          <reporter-output>
          </reporter-output>
        </test-method> <!-- loginSilk -->
        <test-method status="PASS" signature="searchPlayResources()[pri:1, instance:com.silk.leo.Product.playResources@5ce81285]" name="searchPlayResources" duration-ms="8398" started-at="2019-08-07T17:47:06Z" description="搜索全部玩乐资源" finished-at="2019-08-07T17:47:15Z">
          <reporter-output>
          </reporter-output>
        </test-method> <!-- searchPlayResources -->
        <test-method status="PASS" signature="addPlayResources()[pri:2, instance:com.silk.leo.Product.playResources@5ce81285]" name="addPlayResources" duration-ms="94718" started-at="2019-08-07T17:47:15Z" description="新建玩乐资源" finished-at="2019-08-07T17:48:49Z">
          <reporter-output>
          </reporter-output>
        </test-method> <!-- addPlayResources -->
        <test-method status="PASS" signature="closeBrowser()[pri:0, instance:com.silk.leo.Product.playResources@5ce81285]" name="closeBrowser" is-config="true" duration-ms="972" started-at="2019-08-07T17:48:49Z" finished-at="2019-08-07T17:48:50Z">
          <reporter-output>
          </reporter-output>
        </test-method> <!-- closeBrowser -->
        <test-method status="PASS" signature="closeDB()[pri:0, instance:com.silk.leo.Product.playResources@5ce81285]" name="closeDB" is-config="true" duration-ms="2" started-at="2019-08-07T17:48:50Z" finished-at="2019-08-07T17:48:50Z">
          <reporter-output>
          </reporter-output>
        </test-method> <!-- closeDB -->
      </class> <!-- com.silk.leo.Product.playResources -->
    </test> <!-- Default test -->
  </suite> <!-- Default suite -->
</testng-results>
